{
  "timestamp": "2025-07-02 20:10:31.990476",
  "device_info": {
    "serial_number": "AEoAS04wUAQgNDlF",
    "model": "0",
    "git_hash": "b48cab945367cd59e61e0903238b222565533f6a",
    "git_dirty": false,
    "git_timestamp": 1746032258,
    "uuid": "b447ed98-3168-4d89-a7bf-dbdd12387194"
  },
  "calibration": {
    "invert": false,
    "phase_invert": true,
    "poles": 14,
    "offset": [
      -2.054041470402624,
      -2.061800773769309,
      -2.0942757473143403,
      -2.116749180489174,
      -2.129602272488114,
      -2.1654956634183753,
      -2.1930990109242368,
      -2.200801658167562,
      -2.247463867446162,
      -2.2759242287908967,
      -2.27962311978979,
      -2.2960363006317275,
      -2.2902983344410917,
      -2.2745613811957974,
      -2.297011904806984,
      -2.318933864559636,
      -2.317878514087826,
      -2.3149180218745107,
      -2.298577406439445,
      -2.2649823798094677,
      -2.2336298521209437,
      -2.1949496183546016,
      -2.1372786256178538,
      -2.0807524130836774,
      -2.037945414854182,
      -1.9703571119398096,
      -1.9349933981504075,
      -1.8899303555753704,
      -1.8359260402330717,
      -1.811375453232134,
      -1.784775194352537,
      -1.7834689142839373,
      -1.8379751165444227,
      -1.8779823565380203,
      -1.9373452284081578,
      -2.0108733010417135,
      -2.0517455291434694,
      -2.0685661929225496,
      -2.072158982418402,
      -2.067051851528713,
      -2.0461515075631307,
      -2.0437121104728684,
      -2.0563456317241444,
      -2.0774270128726315,
      -2.1008357459184737,
      -2.1559281495539975,
      -2.195381639349665,
      -2.227500064609519,
      -2.295330632003687,
      -2.339532211627431,
      -2.3727310412109177,
      -2.432183237076437,
      -2.4669779049316345,
      -2.4603834319957563,
      -2.449760809648563,
      -2.3921915018497035,
      -2.3124823185075476,
      -2.224692130787393,
      -2.1334582993816236,
      -2.0593020866834237,
      -2.0201447198015616,
      -1.9976372168107892,
      -1.9985889949436368,
      -2.0317229281612326
    ],
    "fit_metric": 29.230437594358083,
    "current_quality_factor": 72.16111240426655
  },
  "winding_resistance": 0.18278599230799233,
  "inductance": 4.905111320117907e-05,
  "pid_dq_kp": 0.030819723376645097,
  "pid_dq_ki": 114.84782612278184,
  "torque_bw_hz": 100.0,
  "encoder_filter_bw_hz": 100.0,
  "encoder_filter_kp": 1256.6370614359173,
  "encoder_filter_ki": 394784.17604357435,
  "kv": 302.32857966579184,
  "unwrapped_position_scale": 1.0,
  "motor_position_output_sign": 1.0,
  "abi_version": 267,
  "voltage_mode_control": false
}
