{
  "timestamp": "2025-07-02 20:16:44.216077",
  "device_info": {
    "serial_number": "AEoAS04wUAQgNDlF",
    "model": "0",
    "git_hash": "b48cab945367cd59e61e0903238b222565533f6a",
    "git_dirty": false,
    "git_timestamp": 1746032258,
    "uuid": "b447ed98-3168-4d89-a7bf-dbdd12387194"
  },
  "calibration": {
    "invert": false,
    "phase_invert": true,
    "poles": 14,
    "offset": [
      -2.0474492530359973,
      -2.054600652870987,
      -2.091952305924079,
      -2.118245349178172,
      -2.135558184357994,
      -2.1657865613785443,
      -2.191068316921995,
      -2.196269522581998,
      -2.241001248164112,
      -2.269556423165662,
      -2.277853755827631,
      -2.29740212119575,
      -2.2974356221081287,
      -2.2856018044402875,
      -2.3073192556308406,
      -2.3257220466863697,
      -2.3195519522694754,
      -2.3128124128801058,
      -2.2920200770334436,
      -2.2597344998174256,
      -2.232570526380887,
      -2.1995067514546967,
      -2.146804305779495,
      -2.0886652122829696,
      -2.041340580557673,
      -1.9665859702978732,
      -1.9272330105208992,
      -1.881652335664813,
      -1.8312037367665752,
      -1.81298773245711,
      -1.793509644216386,
      -1.7918587807385402,
      -1.8443491552950868,
      -1.8826222383653828,
      -1.9391294748050507,
      -2.0077277572883094,
      -2.0520921933224137,
      -2.0655614438743086,
      -2.074034979518536,
      -2.0749969984423853,
      -2.0571438468974854,
      -2.0519125786255854,
      -2.061950983019225,
      -2.080144374303169,
      -2.100287188805692,
      -2.153289841834074,
      -2.191283671569678,
      -2.227330082728734,
      -2.297819183771652,
      -2.346216458185732,
      -2.378639386531222,
      -2.4402491241337323,
      -2.470493952755773,
      -2.4618042257679296,
      -2.44695300634626,
      -2.391251641568683,
      -2.309560896837245,
      -2.2285196102960723,
      -2.138596352770348,
      -2.064740394717113,
      -2.024285315862211,
      -1.9980566510695925,
      -1.993914364039471,
      -2.0231516283676174
    ],
    "fit_metric": 27.505183972343996,
    "current_quality_factor": 69.96772320687714
  },
  "winding_resistance": 0.18008756080701652,
  "inductance": 5.060116393422261e-05,
  "pid_dq_kp": 0.031793648975769306,
  "pid_dq_ki": 113.15235160684566,
  "torque_bw_hz": 100.0,
  "encoder_filter_bw_hz": 100.0,
  "encoder_filter_kp": 1256.6370614359173,
  "encoder_filter_ki": 394784.17604357435,
  "kv": 321.79292643576645,
  "unwrapped_position_scale": 1.0,
  "motor_position_output_sign": 1.0,
  "abi_version": 267,
  "voltage_mode_control": false
}
