{
  "timestamp": "2025-07-29 19:48:12.682492",
  "device_info": {
    "serial_number": "AEcAI1QwUBcgOTNO",
    "model": "0",
    "git_hash": "b48cab945367cd59e61e0903238b222565533f6a",
    "git_dirty": false,
    "git_timestamp": 1746032258,
    "uuid": "bddcaf6e-ee3e-45ef-9f49-ce3cb940c726"
  },
  "calibration": {
    "invert": false,
    "phase_invert": true,
    "poles": 40,
    "offset": [
      0.88512132221785,
      0.8642288249480246,
      0.8263712949864032,
      0.7391861588339221,
      0.7195615746182435,
      0.6587908555902341,
      0.6149744223579927,
      0.6474621593652513,
      0.6985572138775921,
      0.6932564995232342,
      0.6992539593647344,
      0.7510915874474872,
      0.7594813281820914,
      0.7834522559804435,
      0.8418077025488724,
      0.8758768378253149,
      0.9017368414549546,
      0.9486282931614322,
      0.977252980486338,
      0.9790287450652168,
      1.0070085853188644,
      1.0113308902303604,
      1.0028534608032134,
      1.0083915049035828,
      1.0046868848022041,
      0.9928729237943202,
      0.9820059504664551,
      0.9805029578570079,
      0.943861258840215,
      0.9287893828820205,
      0.9153371663211884,
      0.8779580955571272,
      0.8258171680665952,
      0.8118634827491319,
      0.7940120177488921,
      0.7750550186924017,
      0.7731296691697148,
      0.7541328119966704,
      0.7525213233158623,
      0.7693713795126993,
      0.7922557853499583,
      0.8040706796623537,
      0.8294607414353721,
      0.8740857216045123,
      0.8733068899785611,
      0.895033138500779,
      0.9502601163707068,
      0.9722582420537189,
      0.9852549797556844,
      1.0417318702978404,
      1.0670466422811402,
      1.0588479232743218,
      1.1166764967816125,
      1.1418508280762696,
      1.1139824802376745,
      1.1282217155991412,
      1.151154899924301,
      1.103106064721685,
      1.0792050684993617,
      1.098682133428978,
      1.0503611477548633,
      0.9930617088833471,
      1.000370428671399,
      0.961896343671344
    ],
    "fit_metric": 18.03537810794554,
    "current_quality_factor": 126.61061897288494
  },
  "winding_resistance": 0.0989517002804145,
  "inductance": 5.068569806394774e-05,
  "pid_dq_kp": 0.03184676333595372,
  "pid_dq_ki": 62.173186932233854,
  "torque_bw_hz": 100.0,
  "encoder_filter_bw_hz": 100.0,
  "encoder_filter_kp": 1256.6370614359173,
  "encoder_filter_ki": 394784.17604357435,
  "kv": 92.21367135915955,
  "unwrapped_position_scale": 1.0,
  "motor_position_output_sign": 1.0,
  "abi_version": 267,
  "voltage_mode_control": false
}
